<?xml version="1.0" encoding="UTF-8"?>
<!-- Generated by org.testng.reporters.JUnitXMLReporter -->
<testsuite ignored="0" hostname="Madhurs-MacBook-Air.local" failures="0" tests="4" name="Test" time="15.411" errors="0" timestamp="27 Feb 2020 14:04:13 GMT">
  <testcase classname="com.testNG.ParallelTest" name="test1" time="5.283"/>
  <testcase classname="com.testNG.ParallelTest2" name="test1" time="10.371"/>
  <testcase classname="com.testNG.ParallelTest" name="test2" time="7.127"/>
  <testcase classname="com.testNG.ParallelTest2" name="test2" time="4.686"/>
</testsuite> <!-- Test -->
