<?xml version="1.0" encoding="UTF-8"?>
<testng-results ignored="0" total="2" passed="2" failed="0" skipped="0">
  <reporter-output>
  </reporter-output>
  <suite started-at="2020-04-13T11:53:47Z" name="Default suite" finished-at="2020-04-13T11:53:57Z" duration-ms="10537">
    <groups>
    </groups>
    <test started-at="2020-04-13T11:53:47Z" name="Default test" finished-at="2020-04-13T11:53:57Z" duration-ms="10537">
      <class name="com.testNG.ParallelTest">
        <test-method signature="test1()[pri:0, instance:com.testNG.ParallelTest@484970b0]" started-at="2020-04-13T11:53:47Z" name="test1" finished-at="2020-04-13T11:53:51Z" duration-ms="4410" status="PASS">
          <reporter-output>
          </reporter-output>
        </test-method> <!-- test1 -->
        <test-method is-config="true" signature="quit()[pri:0, instance:com.testNG.ParallelTest@484970b0]" started-at="2020-04-13T11:53:51Z" name="quit" finished-at="2020-04-13T11:53:52Z" duration-ms="186" status="PASS">
          <reporter-output>
          </reporter-output>
        </test-method> <!-- quit -->
        <test-method signature="test2()[pri:0, instance:com.testNG.ParallelTest@484970b0]" started-at="2020-04-13T11:53:52Z" name="test2" finished-at="2020-04-13T11:53:57Z" duration-ms="5665" status="PASS">
          <reporter-output>
          </reporter-output>
        </test-method> <!-- test2 -->
        <test-method is-config="true" signature="quit()[pri:0, instance:com.testNG.ParallelTest@484970b0]" started-at="2020-04-13T11:53:57Z" name="quit" finished-at="2020-04-13T11:53:57Z" duration-ms="185" status="PASS">
          <reporter-output>
          </reporter-output>
        </test-method> <!-- quit -->
      </class> <!-- com.testNG.ParallelTest -->
    </test> <!-- Default test -->
  </suite> <!-- Default suite -->
</testng-results>
